<?xml version="1.0" encoding="UTF-8"?>
<!-- Generated by org.testng.reporters.JUnitXMLReporter -->
<testsuite hostname="Dilnawazs-MacBook-Air.local" name="test1" tests="3" failures="0" timestamp="29 Oct 2020 08:42:26 GMT" time="44.506" errors="0">
  <testcase name="testcase1" time="12.848" classname="com.Selenium.SeleniumDemo.A1"/>
  <testcase name="testcase3" time="14.474" classname="com.Selenium.SeleniumDemo.A3"/>
  <testcase name="testcase4" time="17.157" classname="com.Selenium.SeleniumDemo.A4"/>
</testsuite>
